<?xml version="1.0" encoding="UTF-8"?>
<testng-results skipped="0" failed="0" total="1" passed="1">
  <reporter-output>
  </reporter-output>
  <suite name="Suite" duration-ms="10190" started-at="2021-12-12T17:09:25Z" finished-at="2021-12-12T17:09:36Z">
    <groups>
    </groups>
    <test name="Test" duration-ms="10190" started-at="2021-12-12T17:09:25Z" finished-at="2021-12-12T17:09:36Z">
      <class name="com.jenkinsCI.JenkinsInte">
        <test-method status="PASS" signature="setDrivers()[pri:0, instance:com.jenkinsCI.JenkinsInte@7f77e91b]" name="setDrivers" is-config="true" duration-ms="8487" started-at="2021-12-12T22:39:25Z" finished-at="2021-12-12T22:39:34Z">
          <reporter-output>
          </reporter-output>
        </test-method> <!-- setDrivers -->
        <test-method status="PASS" signature="exec()[pri:0, instance:com.jenkinsCI.JenkinsInte@7f77e91b]" name="exec" duration-ms="1321" started-at="2021-12-12T22:39:34Z" finished-at="2021-12-12T22:39:35Z">
          <reporter-output>
          </reporter-output>
        </test-method> <!-- exec -->
        <test-method status="PASS" signature="tearDrivers()[pri:0, instance:com.jenkinsCI.JenkinsInte@7f77e91b]" name="tearDrivers" is-config="true" duration-ms="360" started-at="2021-12-12T22:39:35Z" finished-at="2021-12-12T22:39:36Z">
          <reporter-output>
          </reporter-output>
        </test-method> <!-- tearDrivers -->
      </class> <!-- com.jenkinsCI.JenkinsInte -->
    </test> <!-- Test -->
  </suite> <!-- Suite -->
</testng-results>
