<?xml version="1.0" encoding="UTF-8"?>
<testng-results skipped="0" failed="0" total="1" passed="1">
  <reporter-output>
  </reporter-output>
  <suite name="Default suite" duration-ms="12242" started-at="2021-12-12T17:05:26Z" finished-at="2021-12-12T17:05:39Z">
    <groups>
    </groups>
    <test name="Default test" duration-ms="12242" started-at="2021-12-12T17:05:26Z" finished-at="2021-12-12T17:05:39Z">
      <class name="com.jenkinsCI.JenkinsInte">
        <test-method status="PASS" signature="setDrivers()[pri:0, instance:com.jenkinsCI.JenkinsInte@6646153]" name="setDrivers" is-config="true" duration-ms="10460" started-at="2021-12-12T22:35:26Z" finished-at="2021-12-12T22:35:37Z">
          <reporter-output>
          </reporter-output>
        </test-method> <!-- setDrivers -->
        <test-method status="PASS" signature="exec()[pri:0, instance:com.jenkinsCI.JenkinsInte@6646153]" name="exec" duration-ms="1231" started-at="2021-12-12T22:35:37Z" finished-at="2021-12-12T22:35:38Z">
          <reporter-output>
          </reporter-output>
        </test-method> <!-- exec -->
        <test-method status="PASS" signature="tearDrivers()[pri:0, instance:com.jenkinsCI.JenkinsInte@6646153]" name="tearDrivers" is-config="true" duration-ms="502" started-at="2021-12-12T22:35:38Z" finished-at="2021-12-12T22:35:39Z">
          <reporter-output>
          </reporter-output>
        </test-method> <!-- tearDrivers -->
      </class> <!-- com.jenkinsCI.JenkinsInte -->
    </test> <!-- Default test -->
  </suite> <!-- Default suite -->
</testng-results>
